Determining if the pthread_create exist failed with the following output:
Change Dir: /home/ubuntu/m100-ros-test/workspace/build/CMakeFiles/CMakeTmp

Run Build Command:/usr/bin/make "cmTryCompileExec405074841/fast"
/usr/bin/make -f CMakeFiles/cmTryCompileExec405074841.dir/build.make CMakeFiles/cmTryCompileExec405074841.dir/build
make[1]: Entering directory `/home/ubuntu/m100-ros-test/workspace/build/CMakeFiles/CMakeTmp'
/usr/bin/cmake -E cmake_progress_report /home/ubuntu/m100-ros-test/workspace/build/CMakeFiles/CMakeTmp/CMakeFiles 1
Building C object CMakeFiles/cmTryCompileExec405074841.dir/CheckSymbolExists.c.o
/usr/bin/cc    -o CMakeFiles/cmTryCompileExec405074841.dir/CheckSymbolExists.c.o   -c /home/ubuntu/m100-ros-test/workspace/build/CMakeFiles/CMakeTmp/CheckSymbolExists.c
Linking C executable cmTryCompileExec405074841
/usr/bin/cmake -E cmake_link_script CMakeFiles/cmTryCompileExec405074841.dir/link.txt --verbose=1
/usr/bin/cc       CMakeFiles/cmTryCompileExec405074841.dir/CheckSymbolExists.c.o  -o cmTryCompileExec405074841 -rdynamic 
CMakeFiles/cmTryCompileExec405074841.dir/CheckSymbolExists.c.o: In function `main':
CheckSymbolExists.c:(.text+0xe): undefined reference to `pthread_create'
CheckSymbolExists.c:(.text+0x12): undefined reference to `pthread_create'
collect2: error: ld returned 1 exit status
make[1]: Leaving directory `/home/ubuntu/m100-ros-test/workspace/build/CMakeFiles/CMakeTmp'
make[1]: *** [cmTryCompileExec405074841] Error 1
make: *** [cmTryCompileExec405074841/fast] Error 2

File /home/ubuntu/m100-ros-test/workspace/build/CMakeFiles/CMakeTmp/CheckSymbolExists.c:
/* */
#include <pthread.h>

int main(int argc, char** argv)
{
  (void)argv;
#ifndef pthread_create
  return ((int*)(&pthread_create))[argc];
#else
  (void)argc;
  return 0;
#endif
}

Determining if the function pthread_create exists in the pthreads failed with the following output:
Change Dir: /home/ubuntu/m100-ros-test/workspace/build/CMakeFiles/CMakeTmp

Run Build Command:/usr/bin/make "cmTryCompileExec2620341650/fast"
/usr/bin/make -f CMakeFiles/cmTryCompileExec2620341650.dir/build.make CMakeFiles/cmTryCompileExec2620341650.dir/build
make[1]: Entering directory `/home/ubuntu/m100-ros-test/workspace/build/CMakeFiles/CMakeTmp'
make[1]: Warning: File `/usr/share/cmake-2.8/Modules/CheckFunctionExists.c' has modification time 4.4e+08 s in the future
/usr/bin/cmake -E cmake_progress_report /home/ubuntu/m100-ros-test/workspace/build/CMakeFiles/CMakeTmp/CMakeFiles 1
Building C object CMakeFiles/cmTryCompileExec2620341650.dir/CheckFunctionExists.c.o
/usr/bin/cc   -DCHECK_FUNCTION_EXISTS=pthread_create   -o CMakeFiles/cmTryCompileExec2620341650.dir/CheckFunctionExists.c.o   -c /usr/share/cmake-2.8/Modules/CheckFunctionExists.c
Linking C executable cmTryCompileExec2620341650
/usr/bin/cmake -E cmake_link_script CMakeFiles/cmTryCompileExec2620341650.dir/link.txt --verbose=1
/usr/bin/cc   -DCHECK_FUNCTION_EXISTS=pthread_create    CMakeFiles/cmTryCompileExec2620341650.dir/CheckFunctionExists.c.o  -o cmTryCompileExec2620341650 -rdynamic -lpthreads 
/usr/bin/ld: cannot find -lpthreads
collect2: error: ld returned 1 exit status
make[1]: Leaving directory `/home/ubuntu/m100-ros-test/workspace/build/CMakeFiles/CMakeTmp'
make[1]: *** [cmTryCompileExec2620341650] Error 1
make: *** [cmTryCompileExec2620341650/fast] Error 2


